<?xml version="1.0" encoding="utf-8"?>
<TestRun id="1bd13c37-c913-4237-a57c-aca99eb9229c" name="@Mac 2025-12-28 18:24:03" xmlns="http://microsoft.com/schemas/VisualStudio/TeamTest/2010">
  <Times creation="2025-12-28T18:24:03.7963180+03:00" queuing="2025-12-28T18:24:03.7963180+03:00" start="2025-12-28T18:24:02.1079250+03:00" finish="2025-12-28T18:24:03.7986620+03:00" />
  <TestSettings name="default" id="be574873-52b6-49f7-b3e6-709556a4f3fb">
    <Deployment runDeploymentRoot="_Mac_2025-12-28_18_24_03" />
  </TestSettings>
  <Results>
    <UnitTestResult executionId="0995da9a-92c1-4238-8ad9-86844832569d" testId="ef681bb6-dacb-0241-7b0a-7963f21fd8e9" testName="ApiTesting.Specs.Tests.PostsTests.GET_post_should_return_200_and_expected_body_and_fast" computerName="Mac" duration="00:00:00.2510221" startTime="2025-12-28T18:24:03.4004930+03:00" endTime="2025-12-28T18:24:03.6439280+03:00" testType="13cdc9d9-ddb5-4fa4-a97d-d965ccfc6d4b" outcome="Passed" testListId="8c84fa94-04c1-424b-9868-57a2d4851a1d" relativeResultsDirectory="0995da9a-92c1-4238-8ad9-86844832569d" />
    <UnitTestResult executionId="057c86d1-6e1f-4b0d-9699-fc3b96012efe" testId="795189ac-5a65-8146-fd43-5e16961bd7e3" testName="ApiTesting.Specs.Tests.PostsTests.POST_should_return_201_and_expected_title" computerName="Mac" duration="00:00:00.4217500" startTime="2025-12-28T18:24:02.9736310+03:00" endTime="2025-12-28T18:24:03.3913360+03:00" testType="13cdc9d9-ddb5-4fa4-a97d-d965ccfc6d4b" outcome="Passed" testListId="8c84fa94-04c1-424b-9868-57a2d4851a1d" relativeResultsDirectory="057c86d1-6e1f-4b0d-9699-fc3b96012efe" />
  </Results>
  <TestDefinitions>
    <UnitTest name="ApiTesting.Specs.Tests.PostsTests.POST_should_return_201_and_expected_title" storage="/users/ahmetsevimli/desktop/api-testing-csharp/apitesting.specs/bin/release/net10.0/apitesting.specs.dll" id="795189ac-5a65-8146-fd43-5e16961bd7e3">
      <Execution id="057c86d1-6e1f-4b0d-9699-fc3b96012efe" />
      <TestMethod codeBase="/Users/ahmetsevimli/Desktop/api-testing-csharp/ApiTesting.Specs/bin/Release/net10.0/ApiTesting.Specs.dll" adapterTypeName="executor://xunit/VsTestRunner3/netcore/" className="ApiTesting.Specs.Tests.PostsTests" name="POST_should_return_201_and_expected_title" />
    </UnitTest>
    <UnitTest name="ApiTesting.Specs.Tests.PostsTests.GET_post_should_return_200_and_expected_body_and_fast" storage="/users/ahmetsevimli/desktop/api-testing-csharp/apitesting.specs/bin/release/net10.0/apitesting.specs.dll" id="ef681bb6-dacb-0241-7b0a-7963f21fd8e9">
      <Execution id="0995da9a-92c1-4238-8ad9-86844832569d" />
      <TestMethod codeBase="/Users/ahmetsevimli/Desktop/api-testing-csharp/ApiTesting.Specs/bin/Release/net10.0/ApiTesting.Specs.dll" adapterTypeName="executor://xunit/VsTestRunner3/netcore/" className="ApiTesting.Specs.Tests.PostsTests" name="GET_post_should_return_200_and_expected_body_and_fast" />
    </UnitTest>
  </TestDefinitions>
  <TestEntries>
    <TestEntry testId="ef681bb6-dacb-0241-7b0a-7963f21fd8e9" executionId="0995da9a-92c1-4238-8ad9-86844832569d" testListId="8c84fa94-04c1-424b-9868-57a2d4851a1d" />
    <TestEntry testId="795189ac-5a65-8146-fd43-5e16961bd7e3" executionId="057c86d1-6e1f-4b0d-9699-fc3b96012efe" testListId="8c84fa94-04c1-424b-9868-57a2d4851a1d" />
  </TestEntries>
  <TestLists>
    <TestList name="Bir Listede Olmayan Sonuçlar" id="8c84fa94-04c1-424b-9868-57a2d4851a1d" />
    <TestList name="Yüklenen Tüm Sonuçlar" id="19431567-8539-422a-85d7-44ee4e166bda" />
  </TestLists>
  <ResultSummary outcome="Completed">
    <Counters total="2" executed="2" passed="2" failed="0" error="0" timeout="0" aborted="0" inconclusive="0" passedButRunAborted="0" notRunnable="0" notExecuted="0" disconnected="0" warning="0" completed="0" inProgress="0" pending="0" />
    <Output>
      <StdOut>[xUnit.net 00:00:00.00] xUnit.net VSTest Adapter v3.1.4+50e68bbb8b (64-bit .NET 10.0.1)
[xUnit.net 00:00:00.04]   Discovering: ApiTesting.Specs
[xUnit.net 00:00:00.05]   Discovered:  ApiTesting.Specs
[xUnit.net 00:00:00.06]   Starting:    ApiTesting.Specs
     Warning:
     The component "Fluent Assertions" is governed by the rules defined in the Xceed License Agreement and
     the Xceed Fluent Assertions Community License. You may use Fluent Assertions free of charge for
     non-commercial use only. An active subscription is required to use Fluent Assertions for commercial use.
     Please contact Xceed Sales mailto:sales@xceed.com to acquire a subscription at a very low cost.
     A paid commercial license supports the development and continued increasing support of
     Fluent Assertions users under both commercial and community licenses. Help us
     keep Fluent Assertions at the forefront of unit testing.
     For more information, visit https://xceed.com/products/unit-testing/fluent-assertions/
[xUnit.net 00:00:00.76]   Finished:    ApiTesting.Specs
</StdOut>
    </Output>
    <CollectorDataEntries>
      <Collector agentName="Mac" uri="datacollector://microsoft/CoverletCodeCoverage/1.0" collectorDisplayName="XPlat code coverage">
        <UriAttachments>
          <UriAttachment>
            <A href="Mac/coverage.cobertura.xml"></A>
          </UriAttachment>
        </UriAttachments>
      </Collector>
    </CollectorDataEntries>
  </ResultSummary>
</TestRun>